*** ENVIRONMENT CRASH ***

Date: Jul 11 2009 3:35 PM

File Name: E:\Program Files\Ready to Program\Ready.exe
Version: 1.7.1  [11]
File Size: 2908199
File Date: Oct 7 2003 10:57 AM
Operating System: Windows XP
JVM: Ready Built-in JRE (1.4.2 or later)
"assert" Statements: disabled


Cause of Crash: Breakpoint Reached

Previous Operations:
    ннннннннннннннннннннннннннннннннннннннннннннннннннннннннннннннннннннннннннннннннннннннннннннннннннннннннннннннннннннннннннннннннннннннннннннннннннннннннннннннннннннннннннннннннннннннннннннннннннннннннннннннннннннннннннннннннннннннннннннннннннннннннннннннннннннннннннннннннннннннннннннннннннннннннннннннннннннннннннннннннннннннннннннннннннннннннннннннннннннннннннннннннннннннннннннннннннннннннннннннннннннннннннннннннннннннннннннннннннннннннннннннннннннннннннннннннннннннннннннннннннннннннннннннннннннннннннннннннE
    нннннннннннннннннннннннннннннннннннннннннннннннннннннннннннннннннннннннннннннннннннннннннннннннннннннннннннннннннннннннннннннннннннннннннннннннннннннннннннннннннннннннннннннннннннннннннннннннннннннннннннннннннннннннннннннннннннннннннннннннннннннннннннннннннннннннннннннннннннннннннннннннннннннннннннннннннннннннннннннннннннннннннннннннннннннннннннннннннннннннннннннннннннннннннннннннннннннннннннннннннннннннннннннннннннннннннннннннннннннннннннннннннннннннннннннннннннннннннннннннннннннннннннннннннннннннннннннннн	
    ннннннннннннннннннннннннннннннннннннннннннннннннннннннннннннннннннннннннннннннннннннннннннннннннннннннннннннннннннннннннннннннннннннннннннннннннннннннннннннннннннннннннннннннннннннннннннннннннннннннннннннннннннннннннннннннннннннннннннннннннннннннннннннннннннннннннннннннннннннннннннннннннннннннннннннннннннннннннннннннннннннннннннннннннннннннннннннннннннннннннннннннннннннннннннннннннннннннннннннннннннннннннннннннннннннннннннннннннннннннннннннннннннннннннннннннннннннннннннннннннннннннннннннннннннннннннннннннннE
    ннннннннннннннннннннннннннннннннннннннннннннннннннннннннннннннннннннннннннннннннннннннннннннннннннннннннннннннннннннннннннннннннннннннннннннннннннннннннннннннннннннннннннннннннннннннннннннннннннннннннннннннннннннннннннннннннннннннннннннннннннннннннннннннннннннннннннннннннннннннннннннннннннннннннннннннннннннннннннннннннннннннннннннннннннннннннннннннннннннннннннннннннннннннннннннннннннннннннннннннннннннннннннннннннннннннннннннннннннннннннннннннннннннннннннннннннннннннннннннннннннннннннннннннннннннннннннннннннE
    ннннннннннннннннннннннннннннннннннннннннннннннннннннннннннннннннннннннннннннннннннннннннннннннннннннннннннннннннннннннннннннннннннннннннннннннннннннннннннннннннннннннннннннннннннннннннннннннннннннннннннннннннннннннннннннннннннннннннннннннннннннннннннннннннннннннннннннннннннннннннннннннннннннннннннннннннннннннннннннннннннннннннннннннннннннннннннннннннннннннннннннннннннннннннннннннннннннннннннннннннннннннннннннннннннннннннннннннннннннннннннннннннннннннннннннннннннннннннннннннннннннннннннннннннннннннннннннннннE
    нннннннннннннннннннннннннннннннннннннннннннннннннннннннннннннннннннннннннннннннннннннннннннннннннннннннннннннннннннннннннннннннннннннннннннннннннннннннннннннннннннннннннннннннннннннннннннннннннннннннннннннннннннннннннннннннннннннннннннннннннннннннннннннннннннннннннннннннннннннннннннннннннннннннннннннннннннннннннннннннннннннннннннннннннннннннннннннннннннннннннннннннннннннннннннннннннннннннннннннннннннннннннннннннннннннннннннннннннннннннннннннннннннннннннннннннннннннннннннннннннннннннннннннннннннннннн
    нннннннннннннннннннннннннннннннннннннннннннннннннннннннннннннннннннннннннннннннннннннннннннннннннннннннннннннннннннннннннннннннннннннннннннннннннннннннннннннннннннннннннннннннннннннннннннннннннннннннннннннннннннннннннннннннннннннннннннннннннннннннннннннннннннннннннннннннннннннннннннннннннннннннннннннннннннннннннннннннннннннннннннннннннннннннннннннннннннннннннннннннннннннннннннннннннннннннннннннннннннннннннннннннннннннннннннннннннннннннннннннннннннннннннннннннннннннннннннннннннннннннннннннннннннннннн
    нннннннннннннннннннннннннннннннннннннннннннннннннннннннннннннннннннннннннннннннннннннннннннннннннннннннннннннннннннннннннннннннннннннннннннннннннннннннннннннннннннннннннннннннннннннннннннннннннннннннннннннннннннннннннннннннннннннннннннннннннннннннннннннннннннннннннннннннннннннннннннннннннннннннннннннннннннннннннннннннннннннннннннннннннннннннннннннннннннннннннннннннннннннннннннннннннннннннннннннннннннннннннннннннннннннннннннннннннннннннннннннннннннннннннннннннннннннннннннннннннннннннннннннннннннннннн
    нннннннннннннннннннннннннннннннннннннннннннннннннннннннннннннннннннннннннннннннннннннннннннннннннннннннннннннннннннннннннннннннннннннннннннннннннннннннннннннннннннннннннннннннннннннннннннннннннннннннннннннннннннннннннннннннннннннннннннннннннннннннннннннннннннннннннннннннннннннннннннннннннннннннннннннннннннннннннннннннннннннннннннннннннннннннннннннннннннннннннннннннннннннннннннннннннннннннннннннннннннннннннннннннннннннннннннннннннннннннннннннннннннннннннннннннннннннннннннннннннннннннннннннннннннннннн
    нннннннннннннннннннннннннннннннннннннннннннннннннннннннннннннннннннннннннннннннннннннннннннннннннннннннннннннннннннннннннннннннннннннннннннннннннннннннннннннннннннннннннннннннннннннннннннннннннннннннннннннннннннннннннннннннннннннннннннннннннннннннннннннннннннннннннннннннннннннннннннннннннннннннннннннннннннннннннннннннннннннннннннннннннннннннннннннннннннннннннннннннннннннннннннннннннннннннннннннннннннннннннннннннннннннннннннннннннннннннннннннннннннннннннннннннннннннннннннннннннннннннннннннннннннннннн
    нннннннннннннннннннннннннннннннннннннннннннннннннннннннннннннннннннннннннннннннннннннннннннннннннннннннннннннннннннннннннннннннннннннннннннннннннннннннннннннннннннннннннннннннннннннннннннннннннннннннннннннннннннннннннннннннннннннннннннннннннннннннннннннннннннннннннннннннннннннннннннннннннннннннннннннннннннннннннннннннннннннннннннннннннннннннннннннннннннннннннннннннннннннннннннннннннннннннннннннннннннннннннннннннннннннннннннннннннннннннннннннннннннннннннннннннннннннннннннннннннннннннннннннннннннннннн
    нннннннннннннннннннннннннннннннннннннннннннннннннннннннннннннннннннннннннннннннннннннннннннннннннннннннннннннннннннннннннннннннннннннннннннннннннннннннннннннннннннннннннннннннннннннннннннннннннннннннннннннннннннннннннннннннннннннннннннннннннннннннннннннннннннннннннннннннннннннннннннннннннннннннннннннннннннннннннннннннннннннннннннннннннннннннннннннннннннннннннннннннннннннннннннннннннннннннннннннннннннннннннннннннннннннннннннннннннннннннннннннннннннннннннннннннннннннннннннннннннннннннннннннннннннннннн
    нннннннннннннннннннннннннннннннннннннннннннннннннннннннннннннннннннннннннннннннннннннннннннннннннннннннннннннннннннннннннннннннннннннннннннннннннннннннннннннннннннннннннннннннннннннннннннннннннннннннннннннннннннннннннннннннннннннннннннннннннннннннннннннннннннннннннннннннннннннннннннннннннннннннннннннннннннннннннннннннннннннннннннннннннннннннннннннннннннннннннннннннннннннннннннннннннннннннннннннннннннннннннннннннннннннннннннннннннннннннннннннннннннннннннннннннннннннннннннннннннннннннннннннннннннннннн
    нннннннннннннннннннннннннннннннннннннннннннннннннннннннннннннннннннннннннннннннннннннннннннннннннннннннннннннннннннннннннннннннннннннннннннннннннннннннннннннннннннннннннннннннннннннннннннннннннннннннннннннннннннннннннннннннннннннннннннннннннннннннннннннннннннннннннннннннннннннннннннннннннннннннннннннннннннннннннннннннннннннннннннннннннннннннннннннннннннннннннннннннннннннннннннннннннннннннннннннннннннннннннннннннннннннннннннннннннннннннннннннннннннннннннннннннннннннннннннннннннннннннннннннннннннннннн
    Command to Java Supervisor - "-java "E:\Program Files\Ready to Program\Support\jre142_01\bin\client\jvm.dll" -cp ".;E:\Program Files\Ready to Program\Support\Ready Classes;E:\Program Files\Ready to Program\Support\Classes;E:\Program Files\Ready to Program\Support\Ready Classes\tools.jar;" -class DoodleMain -props F 25 80 10 "Courier New" 2 F 0 F 8 8 0 F T -applet "E:\Central Document Folder\Grade 11 Semester 1\Computer Science\Paint Program" "E:\Central Document Folder\Grade 11 Semester 1\Computer Science\Paint Program" 300 200 џџ"
    JavaSup: -pipe 320 332 248 73597606
    JavaSup: JVM Option: "-Djava.class.path=.;E:\Program Files\Ready to Program\Support\Ready Classes;E:\Program Files\Ready to Program\Support\Classes;E:\Program Files\Ready to Program\Support\Ready Classes\tools.jar;"
    JavaSup: JVM Option: "-Djava.library.path=E:\Program Files\Ready to Program\Support\Bin"
    JavaSup: JVM Option: "-enableassertions"
    JavaSup: JVM Option: "-Xdebug"
    JavaSup: JVM Option: "-Xrunjdwp:transport=dt_shmem,address=readyshmem,server=y,suspend=n"
  CMD: WM_ACTIVATE (W)
  CMD: WM_ACTIVATE (W)
  CMD: WM_CLOSE (W)
  CMD: WM_ACTIVATE (W)
  CMD: WM_ACTIVATE (W)
  CMD: WM_ACTIVATE (W)
  CMD: WM_DESTROY (W)
  CMD: WM_DESTROY (D)


Registers
  EAX=00000001  EBX=7FFD4000  ECX=7C91005D  EDX=001C0001  ESI=0012E6E0
  EDI=0012FF30  EBP=0012E690  ESP=0012E680  EIP=00525E7F  FLG=00000246
  CS=001B  DS=0023  SS=0023  ES=0023  FS=003B  GS=0000

List of Modules: 
    E:\Program Files\Ready to Program\Ready.exe
    D:\WINDOWS.0\system32\ntdll.dll
    D:\WINDOWS.0\system32\kernel32.dll
    D:\WINDOWS.0\system32\USER32.dll
    D:\WINDOWS.0\system32\GDI32.dll
    D:\WINDOWS.0\system32\comdlg32.dll
    D:\WINDOWS.0\system32\ADVAPI32.dll
    D:\WINDOWS.0\system32\RPCRT4.dll
    D:\WINDOWS.0\system32\Secur32.dll
    D:\WINDOWS.0\system32\COMCTL32.dll
    D:\WINDOWS.0\system32\SHELL32.dll
    D:\WINDOWS.0\system32\msvcrt.dll
    D:\WINDOWS.0\system32\SHLWAPI.dll
    D:\WINDOWS.0\system32\VERSION.dll
    D:\WINDOWS.0\system32\WINMM.dll
    D:\WINDOWS.0\system32\IMM32.DLL
    D:\WINDOWS.0\WinSxS\x86_Microsoft.Windows.Common-Controls_6595b64144ccf1df_6.0.2600.5512_x-ww_35d4ce83\comctl32.dll
    D:\WINDOWS.0\system32\uxtheme.dll
    D:\WINDOWS.0\system32\MSCTF.dll
    D:\WINDOWS.0\system32\nview.dll
    D:\WINDOWS.0\system32\PSAPI.DLL
    D:\WINDOWS.0\system32\ole32.dll
    D:\WINDOWS.0\system32\OLEAUT32.dll
    D:\WINDOWS.0\system32\NTMARTA.DLL
    D:\WINDOWS.0\system32\SAMLIB.dll
    D:\WINDOWS.0\system32\WLDAP32.dll
    D:\WINDOWS.0\system32\msctfime.ime
    E:\Program Files\Ready to Program\Support\Bin\edjdll.dll
    E:\Program Files\Ready to Program\Support\jre142_01\bin\client\jvm.dll
    E:\Program Files\Ready to Program\Support\jre142_01\bin\hpi.dll
    E:\Program Files\Ready to Program\Support\jre142_01\bin\verify.dll
    E:\Program Files\Ready to Program\Support\jre142_01\bin\java.dll
    E:\Program Files\Ready to Program\Support\jre142_01\bin\zip.dll
    D:\WINDOWS.0\system32\nvwddi.dll
    E:\Program Files\Ready to Program\Support\jre142_01\bin\dt_shmem.dll
    E:\Program Files\Ready to Program\Support\jre142_01\bin\net.dll
    D:\WINDOWS.0\system32\WS2_32.dll
    D:\WINDOWS.0\system32\WS2HELP.dll
    D:\WINDOWS.0\System32\mswsock.dll
    D:\WINDOWS.0\system32\DNSAPI.dll
    D:\WINDOWS.0\System32\winrnr.dll
    D:\WINDOWS.0\system32\rasadhlp.dll
    D:\WINDOWS.0\system32\dbghelp.dll

  0 .V PC=001b:00525e7f Ret=00525c51 Frame=0012e690 Stack=0012e680
    Parameters (0x00b65ca8 0x00000001 0x0012ff30 0x0012e6e0)
    dbgheap.c, _free_dbg_lk (), Line 1066+0060 byte(s)
  1 .V PC=001b:00525c51 Ret=00414d57 Frame=0012e6c4 Stack=0012e680
    Parameters (0x00b65ca8 0x00000001 0x0000000e 0x0012ff30)
    dbgheap.c, _free_dbg (), Line 1001+0013 byte(s)
  2 .V PC=001b:00414d57 Ret=0040172b Frame=0012e6d8 Stack=0012e680
    Parameters (0x033c4e10 0x0140d560 0xcccccccc 0xcccccccc)
    src\edfail.c, EdFail_Finalize (), Line 0157+0018 byte(s)
  3 .V PC=001b:0040172b Ret=0052cc26 Frame=0012ff30 Stack=0012e680
    Parameters (0x00400000 0x00000000 0x001423af 0x00000001)
    src\ed.c, WinMain (), Line 0486+0000 byte(s)
  4 .V PC=001b:0052cc26 Ret=7c817077 Frame=0012ffc0 Stack=0012e680
    Parameters (0x033c4e10 0x0140d560 0x7ffd4000 0x8054b6ed)
    crt0.c, WinMainCRTStartup (), Line 0198+0054 byte(s)
  5 .V PC=001b:7c817077 Ret=00000000 Frame=0012fff0 Stack=0012e680
    Parameters (0x0052cb00 0x00000000 0x78746341 0x00000020)
    Unknown module, RegisterWaitForInputIdle() + 0073 byte(s)

------------------------------------------------------
*** ENVIRONMENT CRASH ***

Date: Sep 23 2009 11:15 PM

File Name: E:\Program Files\Ready to Program\Ready.exe
Version: 1.7.1  [11]
File Size: 2908199
File Date: Oct 7 2003 10:57 AM
Operating System: Windows XP
JVM: Ready Built-in JRE (1.4.2 or later)
"assert" Statements: disabled


Cause of Crash: Breakpoint Reached

Previous Operations:
    ннннннннннннннннннннннннннннннннннннннннннннннннннннннннннннннннннннннннннннннннннннннннннннннннннннннннннннннннннннннннннннннннннннннннннннннннннннннннннннннннннннннннннннннннннннннннннннннннннннннннннннннннннннннннннннннннннннннннннннннннннннннннннннннннннннннннннннннннннннннннннннннннннннннннннннннннннннннннннннннннннннннннннннннннннннннннннннннннннннннннннннннннннннннннннннннннннннннннннннннннннннннннннннннннннннннннннннннннннннннннннннннннннннннннннннннннннннннннннннннннннннннннннннннннннннннннннннннннE
    ннннннннннннннннннннннннннннннннннннннннннннннннннннннннннннннннннннннннннннннннннннннннннннннннннннннннннннннннннннннннннннннннннннннннннннннннннннннннннннннннннннннннннннннннннннннннннннннннннннннннннннннннннннннннннннннннннннннннннннннннннннннннннннннннннннннннннннннннннннннннннннннннннннннннннннннннннннннннннннннннннннннннннннннннннннннннннннннннннннннннннннннннннннннннннннннннннннннннннннннннннннннннннннннннннннннннннннннннннннннннннннннннннннннннннннннннннннннннннннннннннннннннннннннннннннннннннннннннE
    ннннннннннннннннннннннннннннннннннннннннннннннннннннннннннннннннннннннннннннннннннннннннннннннннннннннннннннннннннннннннннннннннннннннннннннннннннннннннннннннннннннннннннннннннннннннннннннннннннннннннннннннннннннннннннннннннннннннннннннннннннннннннннннннннннннннннннннннннннннннннннннннннннннннннннннннннннннннннннннннннннннннннннннннннннннннннннннннннннннннннннннннннннннннннннннннннннннннннннннннннннннннннннннннннннннннннннннннннннннннннннннннннннннннннннннннннннннннннннннннннннннннннннннннннннннннннннннннннE
    нннннннннннннннннннннннннннннннннннннннннннннннннннннннннннннннннннннннннннннннннннннннннннннннннннннннннннннннннннннннннннннннннннннннннннннннннннннннннннннннннннннннннннннннннннннннннннннннннннннннннннннннннннннннннннннннннннннннннннннннннннннннннннннннннннннннннннннннннннннннннннннннннннннннннннннннннннннннннннннннннннннннннннннннннннннннннннннннннннннннннннннннннннннннннннннннннннннннннннннннннннннннннннннннннннннннннннннннннннннннннннннннннннннннннннннннннннннннннннннннннннннннннннннннннннннннн
    нннннннннннннннннннннннннннннннннннннннннннннннннннннннннннннннннннннннннннннннннннннннннннннннннннннннннннннннннннннннннннннннннннннннннннннннннннннннннннннннннннннннннннннннннннннннннннннннннннннннннннннннннннннннннннннннннннннннннннннннннннннннннннннннннннннннннннннннннннннннннннннннннннннннннннннннннннннннннннннннннннннннннннннннннннннннннннннннннннннннннннннннннннннннннннннннннннннннннннннннннннннннннннннннннннннннннннннннннннннннннннннннннннннннннннннннннннннннннннннннннннннннннннннннннннннннн
    нннннннннннннннннннннннннннннннннннннннннннннннннннннннннннннннннннннннннннннннннннннннннннннннннннннннннннннннннннннннннннннннннннннннннннннннннннннннннннннннннннннннннннннннннннннннннннннннннннннннннннннннннннннннннннннннннннннннннннннннннннннннннннннннннннннннннннннннннннннннннннннннннннннннннннннннннннннннннннннннннннннннннннннннннннннннннннннннннннннннннннннннннннннннннннннннннннннннннннннннннннннннннннннннннннннннннннннннннннннннннннннннннннннннннннннннннннннннннннннннннннннннннннннннннннннннн
    нннннннннннннннннннннннннннннннннннннннннннннннннннннннннннннннннннннннннннннннннннннннннннннннннннннннннннннннннннннннннннннннннннннннннннннннннннннннннннннннннннннннннннннннннннннннннннннннннннннннннннннннннннннннннннннннннннннннннннннннннннннннннннннннннннннннннннннннннннннннннннннннннннннннннннннннннннннннннннннннннннннннннннннннннннннннннннннннннннннннннннннннннннннннннннннннннннннннннннннннннннннннннннннннннннннннннннннннннннннннннннннннннннннннннннннннннннннннннннннннннннннннннннннннннннннннн
    нннннннннннннннннннннннннннннннннннннннннннннннннннннннннннннннннннннннннннннннннннннннннннннннннннннннннннннннннннннннннннннннннннннннннннннннннннннннннннннннннннннннннннннннннннннннннннннннннннннннннннннннннннннннннннннннннннннннннннннннннннннннннннннннннннннннннннннннннннннннннннннннннннннннннннннннннннннннннннннннннннннннннннннннннннннннннннннннннннннннннннннннннннннннннннннннннннннннннннннннннннннннннннннннннннннннннннннннннннннннннннннннннннннннннннннннннннннннннннннннннннннннннннннннннннннннн
    нннннннннннннннннннннннннннннннннннннннннннннннннннннннннннннннннннннннннннннннннннннннннннннннннннннннннннннннннннннннннннннннннннннннннннннннннннннннннннннннннннннннннннннннннннннннннннннннннннннннннннннннннннннннннннннннннннннннннннннннннннннннннннннннннннннннннннннннннннннннннннннннннннннннннннннннннннннннннннннннннннннннннннннннннннннннннннннннннннннннннннннннннннннннннннннннннннннннннннннннннннннннннннннннннннннннннннннннннннннннннннннннннннннннннннннннннннннннннннннннннннннннннннннннннннннннн
    нннннннннннннннннннннннннннннннннннннннннннннннннннннннннннннннннннннннннннннннннннннннннннннннннннннннннннннннннннннннннннннннннннннннннннннннннннннннннннннннннннннннннннннннннннннннннннннннннннннннннннннннннннннннннннннннннннннннннннннннннннннннннннннннннннннннннннннннннннннннннннннннннннннннннннннннннннннннннннннннннннннннннннннннннннннннннннннннннннннннннннннннннннннннннннннннннннннннннннннннннннннннннннннннннннннннннннннннннннннннннннннннннннннннннннннннннннннннннннннннннннннннннннннннннннннннн
    нннннннннннннннннннннннннннннннннннннннннннннннннннннннннннннннннннннннннннннннннннннннннннннннннннннннннннннннннннннннннннннннннннннннннннннннннннннннннннннннннннннннннннннннннннннннннннннннннннннннннннннннннннннннннннннннннннннннннннннннннннннннннннннннннннннннннннннннннннннннннннннннннннннннннннннннннннннннннннннннннннннннннннннннннннннннннннннннннннннннннннннннннннннннннннннннннннннннннннннннннннннннннннннннннннннннннннннннннннннннннннннннннннннннннннннннннннннннннннннннннннннннннннннннннннннннн
    нннннннннннннннннннннннннннннннннннннннннннннннннннннннннннннннннннннннннннннннннннннннннннннннннннннннннннннннннннннннннннннннннннннннннннннннннннннннннннннннннннннннннннннннннннннннннннннннннннннннннннннннннннннннннннннннннннннннннннннннннннннннннннннннннннннннннннннннннннннннннннннннннннннннннннннннннннннннннннннннннннннннннннннннннннннннннннннннннннннннннннннннннннннннннннннннннннннннннннннннннннннннннннннннннннннннннннннннннннннннннннннннннннннннннннннннннннннннннннннннннннннннннннннннннннннннн
    нннннннннннннннннннннннннннннннннннннннннннннннннннннннннннннннннннннннннннннннннннннннннннннннннннннннннннннннннннннннннннннннннннннннннннннннннннннннннннннннннннннннннннннннннннннннннннннннннннннннннннннннннннннннннннннннннннннннннннннннннннннннннннннннннннннннннннннннннннннннннннннннннннннннннннннннннннннннннннннннннннннннннннннннннннннннннннннннннннннннннннннннннннннннннннннннннннннннннннннннннннннннннннннннннннннннннннннннннннннннннннннннннннннннннннннннннннннннннннннннннннннннннннннннннннннннн
    нннннннннннннннннннннннннннннннннннннннннннннннннннннннннннннннннннннннннннннннннннннннннннннннннннннннннннннннннннннннннннннннннннннннннннннннннннннннннннннннннннннннннннннннннннннннннннннннннннннннннннннннннннннннннннннннннннннннннннннннннннннннннннннннннннннннннннннннннннннннннннннннннннннннннннннннннннннннннннннннннннннннннннннннннннннннннннннннннннннннннннннннннннннннннннннннннннннннннннннннннннннннннннннннннннннннннннннннннннннннннннннннннннннннннннннннннннннннннннннннннннннннннннннннннннннннн
    Command to Java Supervisor - "-java "E:\Program Files\Ready to Program\Support\jre142_01\bin\client\jvm.dll" -cp ".;E:\Program Files\Ready to Program\Support\Ready Classes;E:\Program Files\Ready to Program\Support\Classes;E:\Program Files\Ready to Program\Support\Ready Classes\tools.jar;" -class DoodleMain -props F 25 80 10 "Courier New" 2 F 0 F 8 8 0 F T -applet "E:\Central Document Folder\Grade 11 Semester 1\Computer Science\Paint Program" "E:\Central Document Folder\Grade 11 Semester 1\Computer Science\Paint Program" 300 200 џџ"
  CMD: WM_SETFOCUS (W)
  CMD: COMMAND_STOP
  CMD: WM_SETFOCUS (W)
  CMD: COMMAND_RUN
    Run (1) - Window: 2503a8 - Ex: 1 - Args: 0 - Step: 0
    Jikes compiling DoodleDrawShapes
    Jikes compiling DoodleMain
    Command to Java Supervisor - "-java "E:\Program Files\Ready to Program\Support\jre142_01\bin\client\jvm.dll" -cp ".;E:\Program Files\Ready to Program\Support\Ready Classes;E:\Program Files\Ready to Program\Support\Classes;E:\Program Files\Ready to Program\Support\Ready Classes\tools.jar;" -class DoodleMain -props F 25 80 10 "Courier New" 2 F 0 F 8 8 0 F T -applet "E:\Central Document Folder\Grade 11 Semester 1\Computer Science\Paint Program" "E:\Central Document Folder\Grade 11 Semester 1\Computer Science\Paint Program" 300 200 џџ"
    JavaSup: -pipe 328 340 248 8716922
    JavaSup: JVM Option: "-Djava.class.path=.;E:\Program Files\Ready to Program\Support\Ready Classes;E:\Program Files\Ready to Program\Support\Classes;E:\Program Files\Ready to Program\Support\Ready Classes\tools.jar;"
    JavaSup: JVM Option: "-Djava.library.path=E:\Program Files\Ready to Program\Support\Bin"
    JavaSup: JVM Option: "-enableassertions"
    JavaSup: JVM Option: "-Xdebug"
    JavaSup: JVM Option: "-Xrunjdwp:transport=dt_shmem,address=readyshmem,server=y,suspend=n"
  CMD: WM_ACTIVATE (W)
  CMD: WM_ACTIVATE (W)
  CMD: WM_ACTIVATE (W)
  CMD: WM_ACTIVATE (W)
  CMD: WM_ACTIVATE (W)
  CMD: WM_ACTIVATE (W)
  CMD: WM_SETFOCUS (W)
  CMD: WM_ACTIVATE (W)
  CMD: WM_CLOSE (W)
  CMD: WM_ACTIVATE (W)
  CMD: WM_ACTIVATE (W)
  CMD: WM_ACTIVATE (W)
  CMD: WM_DESTROY (W)
  CMD: WM_DESTROY (D)


Registers
  EAX=00000001  EBX=7FFDC000  ECX=7C91005D  EDX=001B0001  ESI=0012E6E0
  EDI=0012FF30  EBP=0012E690  ESP=0012E680  EIP=00525E7F  FLG=00000246
  CS=001B  DS=0023  SS=0023  ES=0023  FS=003B  GS=0000

List of Modules: 
    E:\Program Files\Ready to Program\Ready.exe
    D:\WINDOWS.0\system32\ntdll.dll
    D:\WINDOWS.0\system32\kernel32.dll
    D:\WINDOWS.0\system32\USER32.dll
    D:\WINDOWS.0\system32\GDI32.dll
    D:\WINDOWS.0\system32\comdlg32.dll
    D:\WINDOWS.0\system32\ADVAPI32.dll
    D:\WINDOWS.0\system32\RPCRT4.dll
    D:\WINDOWS.0\system32\Secur32.dll
    D:\WINDOWS.0\system32\COMCTL32.dll
    D:\WINDOWS.0\system32\SHELL32.dll
    D:\WINDOWS.0\system32\msvcrt.dll
    D:\WINDOWS.0\system32\SHLWAPI.dll
    D:\WINDOWS.0\system32\VERSION.dll
    D:\WINDOWS.0\system32\WINMM.dll
    D:\WINDOWS.0\system32\IMM32.DLL
    D:\WINDOWS.0\WinSxS\x86_Microsoft.Windows.Common-Controls_6595b64144ccf1df_6.0.2600.5512_x-ww_35d4ce83\comctl32.dll
    D:\WINDOWS.0\system32\uxtheme.dll
    D:\WINDOWS.0\system32\nview.dll
    D:\WINDOWS.0\system32\PSAPI.DLL
    D:\WINDOWS.0\system32\ole32.dll
    D:\WINDOWS.0\system32\OLEAUT32.dll
    D:\WINDOWS.0\system32\NTMARTA.DLL
    D:\WINDOWS.0\system32\SAMLIB.dll
    D:\WINDOWS.0\system32\WLDAP32.dll
    D:\WINDOWS.0\system32\MSCTF.dll
    D:\WINDOWS.0\system32\msctfime.ime
    E:\Program Files\Ready to Program\Support\Bin\edjdll.dll
    E:\Program Files\Ready to Program\Support\jre142_01\bin\client\jvm.dll
    E:\Program Files\Ready to Program\Support\jre142_01\bin\hpi.dll
    E:\Program Files\Ready to Program\Support\jre142_01\bin\verify.dll
    E:\Program Files\Ready to Program\Support\jre142_01\bin\java.dll
    E:\Program Files\Ready to Program\Support\jre142_01\bin\zip.dll
    E:\Program Files\Ready to Program\Support\jre142_01\bin\dt_shmem.dll
    E:\Program Files\Ready to Program\Support\jre142_01\bin\net.dll
    D:\WINDOWS.0\system32\WS2_32.dll
    D:\WINDOWS.0\system32\WS2HELP.dll
    D:\WINDOWS.0\system32\nvwddi.dll
    D:\WINDOWS.0\System32\mswsock.dll
    D:\WINDOWS.0\system32\DNSAPI.dll
    D:\WINDOWS.0\System32\winrnr.dll
    D:\WINDOWS.0\system32\rasadhlp.dll
    D:\WINDOWS.0\system32\Apphelp.dll
    D:\WINDOWS.0\system32\dbghelp.dll

  0 .V PC=001b:00525e7f Ret=00525c51 Frame=0012e690 Stack=0012e680
    Parameters (0x00b65de0 0x00000001 0x0012ff30 0x0012e6e0)
    dbgheap.c, _free_dbg_lk (), Line 1066+0060 byte(s)
  1 .V PC=001b:00525c51 Ret=00414d57 Frame=0012e6c4 Stack=0012e680
    Parameters (0x00b65de0 0x00000001 0x0000000e 0x0012ff30)
    dbgheap.c, _free_dbg (), Line 1001+0013 byte(s)
  2 .V PC=001b:00414d57 Ret=0040172b Frame=0012e6d8 Stack=0012e680
    Parameters (0x06969240 0x06f9d55c 0xcccccccc 0xcccccccc)
    src\edfail.c, EdFail_Finalize (), Line 0157+0018 byte(s)
  3 .V PC=001b:0040172b Ret=0052cc26 Frame=0012ff30 Stack=0012e680
    Parameters (0x00400000 0x00000000 0x001423af 0x00000001)
    src\ed.c, WinMain (), Line 0486+0000 byte(s)
  4 .V PC=001b:0052cc26 Ret=7c817077 Frame=0012ffc0 Stack=0012e680
    Parameters (0x06969240 0x06f9d55c 0x7ffdc000 0x00000001)
    crt0.c, WinMainCRTStartup (), Line 0198+0054 byte(s)
  5 .V PC=001b:7c817077 Ret=00000000 Frame=0012fff0 Stack=0012e680
    Parameters (0x0052cb00 0x00000000 0x78746341 0x00000020)
    Unknown module, RegisterWaitForInputIdle() + 0073 byte(s)

------------------------------------------------------
*** ENVIRONMENT CRASH ***

Date: Dec 2 2009 7:24 PM

File Name: E:\Program Files\Ready to Program\Ready.exe
Version: 1.7.1  [11]
File Size: 2908199
File Date: Oct 7 2003 10:57 AM
Operating System: Windows XP
JVM: Ready Built-in JRE (1.4.2 or later)
"assert" Statements: disabled


Cause of Crash: Breakpoint Reached

Previous Operations:
  CMD: WM_LBUTTONDOWN (D)
    Set Selection (1) - Text: c32500 - L: 119 - C: 41
    Text - sz:1332:65379 - slFr:132:92:7625 - slTo:132:92:7625 - nlA:0
    Line Starts: 1329:65343 1330:65371 1331:65377 1332:65379
    Set Selection (2) - sz:1332:65379 - slFr:6548 - slTo:6548 - nlA:0
    Line Starts: 1329:65343 1330:65371 1331:65377 1332:65379
  CMD: WM_CHAR [T] (D) (x1) [T]
    Keystroke - Text: c32500 - ch: 84
    Text - sz:1332:65379 - slFr:119:20:6548 - slTo:119:20:6548 - nlA:0
    Line Starts: 1329:65343 1330:65371 1331:65377 1332:65379
    Keystroke (2) - sz:1332:65380 - slFr:6549 - slTo:6549 - nlA:0
    Line Starts: 1329:65344 1330:65372 1331:65378 1332:65380
  CMD: WM_LBUTTONUP (D)
    Extend Selection - Text: c32500 - L: 119 - C: 41 (x1)
    Text - sz:1332:65380 - slFr:119:21:6549 - slTo:119:21:6549 - nlA:0
    Line Starts: 1329:65344 1330:65372 1331:65378 1332:65380
  CMD: WM_CHAR [w] (D) (x7) [EEWGegw]
    Keystroke - Text: c32500 - ch: 119
    Text - sz:1332:65386 - slFr:119:27:6555 - slTo:119:27:6555 - nlA:0
    Line Starts: 1329:65350 1330:65378 1331:65384 1332:65386
    Keystroke (2) - sz:1332:65387 - slFr:6556 - slTo:6556 - nlA:0
    Line Starts: 1329:65351 1330:65379 1331:65385 1332:65387
  CMD: WM_LBUTTONDOWN (D)
    Set Selection (1) - Text: c32500 - L: 131 - C: 23
    Text - sz:1332:65387 - slFr:119:28:6556 - slTo:119:28:6556 - nlA:0
    Line Starts: 1329:65351 1330:65379 1331:65385 1332:65387
    Set Selection (2) - sz:1332:65387 - slFr:7479 - slTo:7479 - nlA:0
    Line Starts: 1329:65351 1330:65379 1331:65385 1332:65387
    Extend Selection - Text: c32500 - L: 134 - C: 27 (x7)
    Text - sz:1332:65387 - slFr:131:23:7479 - slTo:133:25:7659 - nlA:0
    Line Starts: 1329:65351 1330:65379 1331:65385 1332:65387
  CMD: WM_LBUTTONUP (D)
    Extend Selection - Text: c32500 - L: 134 - C: 27 (x1)
    Text - sz:1332:65387 - slFr:131:23:7479 - slTo:134:27:7766 - nlA:0
    Line Starts: 1329:65351 1330:65379 1331:65385 1332:65387
  CMD: WM_CHAR [h] (D) (x1) [h]
    Keystroke - Text: c32500 - ch: 104
    Text - sz:1332:65387 - slFr:7479 - slTo:7766 - nlA:0
    Line Starts: 1329:65351 1330:65379 1331:65385 1332:65387
    Delete Selection (1) - Text: c32500
    Text - sz:1332:65387 - slFr:131:23:7479 - slTo:134:27:7766 - nlA:0
    Line Starts: 1329:65351 1330:65379 1331:65385 1332:65387
    Delete Selection (2) - From line: 131 - From col: 23 - To line: 134 - To col: 27
    Delete Selection (3) - sz:1329:65100 - slFr:7479 - slTo:7479 - nlA:0
    Line Starts: 1326:65064 1327:65092 1328:65098 1329:65100
    Keystroke (2) - sz:1329:65101 - slFr:7480 - slTo:7480 - nlA:0
    Line Starts: 1326:65065 1327:65093 1328:65099 1329:65101
  CMD: WM_CHAR [f] (D) (x1) [f]
    Keystroke - Text: c32500 - ch: 102
    Text - sz:1329:65101 - slFr:131:24:7480 - slTo:131:24:7480 - nlA:0
    Line Starts: 1326:65065 1327:65093 1328:65099 1329:65101
    Keystroke (2) - sz:1329:65102 - slFr:7481 - slTo:7481 - nlA:0
    Line Starts: 1326:65066 1327:65094 1328:65100 1329:65102
  CMD: WM_INITMENU (W)
  CMD: COMMAND_UNDO
    Undo (1) - Text: c32500 - Undo: 1
    Text - sz:1329:65102 - slFr:131:25:7481 - slTo:131:25:7481 - nlA:0
    Line Starts: 1326:65066 1327:65094 1328:65100 1329:65102
    Undo (2) - Undo size: 287 - Repl from: 7479 - Repl to: 7481
    Delete Selection (1) - Text: c32500
    Text - sz:1329:65102 - slFr:131:25:7479 - slTo:131:25:7481 - nlA:0
    Line Starts: 1326:65066 1327:65094 1328:65100 1329:65102
    Delete Selection (2) - From line: 131 - From col: 25 - To line: 131 - To col: 25
    Delete Selection (3) - sz:1329:65100 - slFr:7479 - slTo:7479 - nlA:0
    Line Starts: 1326:65064 1327:65092 1328:65098 1329:65100
    Insert Text (1) - Text: c32500 - size: 287 - clean: 1
    Text - sz:1329:65100 - slFr:7479 - slTo:7479 - nlA:0
    Line Starts: 1326:65064 1327:65092 1328:65098 1329:65100
    Insert Text (2) - numNewLines: 3
    Insert Text (3) - sz:1332:65387 - slFr:7766 - slTo:7766 - nlA:0
    Line Starts: 1329:65351 1330:65379 1331:65385 1332:65387
    Undo (3) - sz:1332:65387 - slFr:7479 - slTo:7766 - nlA:0
    Line Starts: 1329:65351 1330:65379 1331:65385 1332:65387
  CMD: WM_LBUTTONDOWN (D)
    Set Selection (1) - Text: c32500 - L: 128 - C: 107
    Text - sz:1332:65387 - slFr:131:23:7479 - slTo:134:27:7766 - nlA:0
    Line Starts: 1329:65351 1330:65379 1331:65385 1332:65387
    Set Selection (2) - sz:1332:65387 - slFr:7269 - slTo:7269 - nlA:0
    Line Starts: 1329:65351 1330:65379 1331:65385 1332:65387
    Extend Selection - Text: c32500 - L: 128 - C: 107 (x1)
    Text - sz:1332:65387 - slFr:128:82:7269 - slTo:128:82:7269 - nlA:0
    Line Starts: 1329:65351 1330:65379 1331:65385 1332:65387
  CMD: WM_LBUTTONUP (D)
    Extend Selection - Text: c32500 - L: 128 - C: 107 (x1)
    Text - sz:1332:65387 - slFr:7269 - slTo:7269 - nlA:0
    Line Starts: 1329:65351 1330:65379 1331:65385 1332:65387
  CMD: WM_LBUTTONDOWN (D)
    Set Selection (1) - Text: c32500 - L: 133 - C: 92
    Text - sz:1332:65387 - slFr:7269 - slTo:7269 - nlA:0
    Line Starts: 1329:65351 1330:65379 1331:65385 1332:65387
    Set Selection (2) - sz:1332:65387 - slFr:7726 - slTo:7726 - nlA:0
    Line Starts: 1329:65351 1330:65379 1331:65385 1332:65387
  CMD: WM_LBUTTONUP (D)
    Extend Selection - Text: c32500 - L: 133 - C: 92 (x1)
    Text - sz:1332:65387 - slFr:133:92:7726 - slTo:133:92:7726 - nlA:0
    Line Starts: 1329:65351 1330:65379 1331:65385 1332:65387
    ннннннннннннннннннннннннннннннннннннннннннннннннннннннннннннннннннннннннннннннннннннннннннннннннннннннннннннннннннннннннннннннннннннннннннннннннннннннннннннннннннннннннннннннннннннннннннннннннннннннннннннннннннннннннннннннннннннннннннннннннннннннннннннннннннннннннннннннннннннннннннннннннннннннннннннннннннннннннннннннннннннннннннннннннннннннннннннннннннннннннннннннннннннннннннннннннннннннннннннннннннннннннннннннннннннннннннннннннннннннннннннннннннннннннннннннннннннннннннннннннннннннннннннннннннннннннннннннннE
    нннннннннннннннннннннннннннннннннннннннннннннннннннннннннннннннннннннннннннннннннннннннннннннннннннннннннннннннннннннннннннннннннннннннннннннннннннннннннннннннннннннннннннннннннннннннннннннннннннннннннннннннннннннннннннннннннннннннннннннннннннннннннннннннннннннннннннннннннннннннннннннннннннннннннннннннннннннннннннннннннннннннннннннннннннннннннннннннннннннннннннннннннннннннннннннннннннннннннннннннннннннннннннннннннннннннннннннннннннннннннннннннннннннннннннннннннннннннннннннннннннннннннннннннннннннннннннннннн
    ннннннннннннннннннннннннннннннннннннннннннннннннннннннннннннннннннннннннннннннннннннннннннннннннннннннннннннннннннннннннннннннннннннннннннннннннннннннннннннннннннннннннннннннннннннннннннннннннннннннннннннннннннннннннннннннннннннннннннннннннннннннннннннннннннннннннннннннннннннннннннннннннннннннннннннннннннннннннннннннннннннннннннннннннннннннннннннннннннннннннннннннннннннннннннннннннннннннннннннннннннннннннннннннннннннннннннннннннннннннннннннннннннннннннннннннннннннннннннннннннннннннннннннннннннннннннннннннннE
    ннннннннннннннннннннннннннннннннннннннннннннннннннннннннннннннннннннннннннннннннннннннннннннннннннннннннннннннннннннннннннннннннннннннннннннннннннннннннннннннннннннннннннннннннннннннннннннннннннннннннннннннннннннннннннннннннннннннннннннннннннннннннннннннннннннннннннннннннннннннннннннннннннннннннннннннннннннннннннннннннннннннннннннннннннннннннннннннннннннннннннннннннннннннннннннннннннннннннннннннннннннннннннннннннннннннннннннннннннннннннннннннннннннннннннннннннннннннннннннннннннннннннннннннннннннннннннннннннE
    ннннннннннннннннннннннннннннннннннннннннннннннннннннннннннннннннннннннннннннннннннннннннннннннннннннннннннннннннннннннннннннннннннннннннннннннннннннннннннннннннннннннннннннннннннннннннннннннннннннннннннннннннннннннннннннннннннннннннннннннннннннннннннннннннннннннннннннннннннннннннннннннннннннннннннннннннннннннннннннннннннннннннннннннннннннннннннннннннннннннннннннннннннннннннннннннннннннннннннннннннннннннннннннннннннннннннннннннннннннннннннннннннннннннннннннннннннннннннннннннннннннннннннннннннннннннннннннннннE
    нннннннннннннннннннннннннннннннннннннннннннннннннннннннннннннннннннннннннннннннннннннннннннннннннннннннннннннннннннннннннннннннннннннннннннннннннннннннннннннннннннннннннннннннннннннннннннннннннннннннннннннннннннннннннннннннннннннннннннннннннннннннннннннннннннннннннннннннннннннннннннннннннннннннннннннннннннннннннннннннннннннннннннннннннннннннннннннннннннннннннннннннннннннннннннннннннннннннннннннннннннннннннннннннннннннннннннннннннннннннннннннннннннннннннннннннннннннннннннннннннннннннннннннннннннннннн
    нннннннннннннннннннннннннннннннннннннннннннннннннннннннннннннннннннннннннннннннннннннннннннннннннннннннннннннннннннннннннннннннннннннннннннннннннннннннннннннннннннннннннннннннннннннннннннннннннннннннннннннннннннннннннннннннннннннннннннннннннннннннннннннннннннннннннннннннннннннннннннннннннннннннннннннннннннннннннннннннннннннннннннннннннннннннннннннннннннннннннннннннннннннннннннннннннннннннннннннннннннннннннннннннннннннннннннннннннннннннннннннннннннннннннннннннннннннннннннннннннннннннннннннннннннннннн
    нннннннннннннннннннннннннннннннннннннннннннннннннннннннннннннннннннннннннннннннннннннннннннннннннннннннннннннннннннннннннннннннннннннннннннннннннннннннннннннннннннннннннннннннннннннннннннннннннннннннннннннннннннннннннннннннннннннннннннннннннннннннннннннннннннннннннннннннннннннннннннннннннннннннннннннннннннннннннннннннннннннннннннннннннннннннннннннннннннннннннннннннннннннннннннннннннннннннннннннннннннннннннннннннннннннннннннннннннннннннннннннннннннннннннннннннннннннннннннннннннннннннннннннннннннннннн
    нннннннннннннннннннннннннннннннннннннннннннннннннннннннннннннннннннннннннннннннннннннннннннннннннннннннннннннннннннннннннннннннннннннннннннннннннннннннннннннннннннннннннннннннннннннннннннннннннннннннннннннннннннннннннннннннннннннннннннннннннннннннннннннннннннннннннннннннннннннннннннннннннннннннннннннннннннннннннннннннннннннннннннннннннннннннннннннннннннннннннннннннннннннннннннннннннннннннннннннннннннннннннннннннннннннннннннннннннннннннннннннннннннннннннннннннннннннннннннннннннннннннннннннннннннннннн
    нннннннннннннннннннннннннннннннннннннннннннннннннннннннннннннннннннннннннннннннннннннннннннннннннннннннннннннннннннннннннннннннннннннннннннннннннннннннннннннннннннннннннннннннннннннннннннннннннннннннннннннннннннннннннннннннннннннннннннннннннннннннннннннннннннннннннннннннннннннннннннннннннннннннннннннннннннннннннннннннннннннннннннннннннннннннннннннннннннннннннннннннннннннннннннннннннннннннннннннннннннннннннннннннннннннннннннннннннннннннннннннннннннннннннннннннннннннннннннннннннннннннннннннннннннннннн
    нннннннннннннннннннннннннннннннннннннннннннннннннннннннннннннннннннннннннннннннннннннннннннннннннннннннннннннннннннннннннннннннннннннннннннннннннннннннннннннннннннннннннннннннннннннннннннннннннннннннннннннннннннннннннннннннннннннннннннннннннннннннннннннннннннннннннннннннннннннннннннннннннннннннннннннннннннннннннннннннннннннннннннннннннннннннннннннннннннннннннннннннннннннннннннннннннннннннннннннннннннннннннннннннннннннннннннннннннннннннннннннннннннннннннннннннннннннннннннннннннннннннннннннннннннннннн
    нннннннннннннннннннннннннннннннннннннннннннннннннннннннннннннннннннннннннннннннннннннннннннннннннннннннннннннннннннннннннннннннннннннннннннннннннннннннннннннннннннннннннннннннннннннннннннннннннннннннннннннннннннннннннннннннннннннннннннннннннннннннннннннннннннннннннннннннннннннннннннннннннннннннннннннннннннннннннннннннннннннннннннннннннннннннннннннннннннннннннннннннннннннннннннннннннннннннннннннннннннннннннннннннннннннннннннннннннннннннннннннннннннннннннннннннннннннннннннннннннннннннннннннннннннннннн
    нннннннннннннннннннннннннннннннннннннннннннннннннннннннннннннннннннннннннннннннннннннннннннннннннннннннннннннннннннннннннннннннннннннннннннннннннннннннннннннннннннннннннннннннннннннннннннннннннннннннннннннннннннннннннннннннннннннннннннннннннннннннннннннннннннннннннннннннннннннннннннннннннннннннннннннннннннннннннннннннннннннннннннннннннннннннннннннннннннннннннннннннннннннннннннннннннннннннннннннннннннннннннннннннннннннннннннннннннннннннннннннннннннннннннннннннннннннннннннннннннннннннннннннннннннннннн
    нннннннннннннннннннннннннннннннннннннннннннннннннннннннннннннннннннннннннннннннннннннннннннннннннннннннннннннннннннннннннннннннннннннннннннннннннннннннннннннннннннннннннннннннннннннннннннннннннннннннннннннннннннннннннннннннннннннннннннннннннннннннннннннннннннннннннннннннннннннннннннннннннннннннннннннннннннннннннннннннннннннннннннннннннннннннннннннннннннннннннннннннннннннннннннннннннннннннннннннннннннннннннннннннннннннннннннннннннннннннннннннннннннннннннннннннннннннннннннннннннннннннннннннннннннннннн
    Keystroke (2) - sz:1332:65386 - slFr:7632 - slTo:7632 - nlA:0
    Line Starts: 1329:65350 1330:65378 1331:65384 1332:65386
  CMD: WM_CHAR [#8] (D)
    Keystroke - Text: c32500 - ch: 8
    Text - sz:1332:65386 - slFr:132:91:7632 - slTo:132:91:7632 - nlA:0
    Line Starts: 1329:65350 1330:65378 1331:65384 1332:65386
    Keystroke (2) - sz:1332:65385 - slFr:7631 - slTo:7631 - nlA:0
    Line Starts: 1329:65349 1330:65377 1331:65383 1332:65385
  CMD: WM_CHAR [#8] (D)
    Keystroke - Text: c32500 - ch: 8
    Text - sz:1332:65385 - slFr:132:90:7631 - slTo:132:90:7631 - nlA:0
    Line Starts: 1329:65349 1330:65377 1331:65383 1332:65385
    Keystroke (2) - sz:1332:65384 - slFr:7630 - slTo:7630 - nlA:0
    Line Starts: 1329:65348 1330:65376 1331:65382 1332:65384
  CMD: WM_CHAR [#8] (D)
    Keystroke - Text: c32500 - ch: 8
    Text - sz:1332:65384 - slFr:132:89:7630 - slTo:132:89:7630 - nlA:0
    Line Starts: 1329:65348 1330:65376 1331:65382 1332:65384
    Keystroke (2) - sz:1332:65383 - slFr:7629 - slTo:7629 - nlA:0
    Line Starts: 1329:65347 1330:65375 1331:65381 1332:65383
  CMD: WM_CHAR [#8] (D)
    Keystroke - Text: c32500 - ch: 8
    Text - sz:1332:65383 - slFr:132:88:7629 - slTo:132:88:7629 - nlA:0
    Line Starts: 1329:65347 1330:65375 1331:65381 1332:65383
    Keystroke (2) - sz:1332:65382 - slFr:7628 - slTo:7628 - nlA:0
    Line Starts: 1329:65346 1330:65374 1331:65380 1332:65382
  CMD: WM_CHAR [#8] (D)
    Keystroke - Text: c32500 - ch: 8
    Text - sz:1332:65382 - slFr:132:87:7628 - slTo:132:87:7628 - nlA:0
    Line Starts: 1329:65346 1330:65374 1331:65380 1332:65382
    Keystroke (2) - sz:1332:65381 - slFr:7627 - slTo:7627 - nlA:0
    Line Starts: 1329:65345 1330:65373 1331:65379 1332:65381
  CMD: WM_CLOSE (W)
  CMD: WM_ACTIVATE (W)
  CMD: WM_ACTIVATE (W)
  CMD: WM_ACTIVATE (W)
  CMD: WM_ACTIVATE (W)
  CMD: WM_ACTIVATE (W)
  CMD: WM_DESTROY (W)
  CMD: WM_DESTROY (D)


Registers
  EAX=00000001  EBX=7FFD7000  ECX=7C91005D  EDX=001C0001  ESI=0012E6E0
  EDI=0012FF30  EBP=0012E690  ESP=0012E680  EIP=00525E7F  FLG=00000246
  CS=001B  DS=0023  SS=0023  ES=0023  FS=003B  GS=0000

List of Modules: 
    E:\Program Files\Ready to Program\Ready.exe
    D:\WINDOWS.0\system32\ntdll.dll
    D:\WINDOWS.0\system32\kernel32.dll
    D:\WINDOWS.0\system32\USER32.dll
    D:\WINDOWS.0\system32\GDI32.dll
    D:\WINDOWS.0\system32\comdlg32.dll
    D:\WINDOWS.0\system32\ADVAPI32.dll
    D:\WINDOWS.0\system32\RPCRT4.dll
    D:\WINDOWS.0\system32\Secur32.dll
    D:\WINDOWS.0\system32\COMCTL32.dll
    D:\WINDOWS.0\system32\SHELL32.dll
    D:\WINDOWS.0\system32\msvcrt.dll
    D:\WINDOWS.0\system32\SHLWAPI.dll
    D:\WINDOWS.0\system32\VERSION.dll
    D:\WINDOWS.0\system32\WINMM.dll
    D:\WINDOWS.0\system32\IMM32.DLL
    D:\WINDOWS.0\WinSxS\x86_Microsoft.Windows.Common-Controls_6595b64144ccf1df_6.0.2600.5512_x-ww_35d4ce83\comctl32.dll
    D:\WINDOWS.0\system32\uxtheme.dll
    D:\WINDOWS.0\system32\nview.dll
    D:\WINDOWS.0\system32\PSAPI.DLL
    D:\WINDOWS.0\system32\ole32.dll
    D:\WINDOWS.0\system32\OLEAUT32.dll
    D:\WINDOWS.0\system32\NTMARTA.DLL
    D:\WINDOWS.0\system32\SAMLIB.dll
    D:\WINDOWS.0\system32\WLDAP32.dll
    D:\WINDOWS.0\system32\MSCTF.dll
    D:\WINDOWS.0\system32\msctfime.ime
    E:\Program Files\Ready to Program\Support\Bin\edjdll.dll
    E:\Program Files\Ready to Program\Support\jre142_01\bin\client\jvm.dll
    E:\Program Files\Ready to Program\Support\jre142_01\bin\hpi.dll
    E:\Program Files\Ready to Program\Support\jre142_01\bin\verify.dll
    E:\Program Files\Ready to Program\Support\jre142_01\bin\java.dll
    E:\Program Files\Ready to Program\Support\jre142_01\bin\zip.dll
    E:\Program Files\Ready to Program\Support\jre142_01\bin\dt_shmem.dll
    E:\Program Files\Ready to Program\Support\jre142_01\bin\net.dll
    D:\WINDOWS.0\system32\WS2_32.dll
    D:\WINDOWS.0\system32\WS2HELP.dll
    D:\WINDOWS.0\System32\mswsock.dll
    D:\WINDOWS.0\system32\DNSAPI.dll
    D:\WINDOWS.0\System32\winrnr.dll
    D:\WINDOWS.0\system32\rasadhlp.dll
    D:\WINDOWS.0\system32\nvwddi.dll
    D:\WINDOWS.0\system32\dbghelp.dll

  0 .V PC=001b:00525e7f Ret=00525c51 Frame=0012e690 Stack=0012e680
    Parameters (0x00b65c78 0x00000001 0x0012ff30 0x0012e6e0)
    dbgheap.c, _free_dbg_lk (), Line 1066+0060 byte(s)
  1 .V PC=001b:00525c51 Ret=00414d57 Frame=0012e6c4 Stack=0012e680
    Parameters (0x00b65c78 0x00000001 0x0000000e 0x0012ff30)
    dbgheap.c, _free_dbg (), Line 1001+0013 byte(s)
  2 .V PC=001b:00414d57 Ret=0040172b Frame=0012e6d8 Stack=0012e680
    Parameters (0x0541a8d8 0x02dbd55c 0xcccccccc 0xcccccccc)
    src\edfail.c, EdFail_Finalize (), Line 0157+0018 byte(s)
  3 .V PC=001b:0040172b Ret=0052cc26 Frame=0012ff30 Stack=0012e680
    Parameters (0x00400000 0x00000000 0x001423af 0x00000001)
    src\ed.c, WinMain (), Line 0486+0000 byte(s)
  4 .V PC=001b:0052cc26 Ret=7c817077 Frame=0012ffc0 Stack=0012e680
    Parameters (0x0541a8d8 0x02dbd55c 0x7ffd7000 0x8054b6ed)
    crt0.c, WinMainCRTStartup (), Line 0198+0054 byte(s)
  5 .V PC=001b:7c817077 Ret=00000000 Frame=0012fff0 Stack=0012e680
    Parameters (0x0052cb00 0x00000000 0x78746341 0x00000020)
    Unknown module, RegisterWaitForInputIdle() + 0073 byte(s)

------------------------------------------------------
*** ENVIRONMENT CRASH ***

Date: Jan 12 2010 1:45 PM

File Name: E:\Program Files\Ready to Program\Ready.exe
Version: 1.7.1  [11]
File Size: 2908199
File Date: Oct 7 2003 10:57 AM
Operating System: Windows XP
JVM: Ready Built-in JRE (1.4.2 or later)
"assert" Statements: disabled


Cause of Crash: Breakpoint Reached

Previous Operations:
    ннннннннннннннннннннннннннннннннннннннннннннннннннннннннннннннннннннннннннннннннннннннннннннннннннннннннннннннннннннннннннннннннннннннннннннннннннннннннннннннннннннннннннннннннннннннннннннннннннннннннннннннннннннннннннннннннннннннннннннннннннннннннннннннннннннннннннннннннннннннннннннннннннннннннннннннннннннннннннннннннннннннннннннннннннннннннннннннннннннннннннннннннннннннннннннннннннннннннннннннннннннннннннннннннннннннннннннннннннннннннннннннннннннннннннннннннннннннннннннннннннннннннннннннннннннннннннннннннE
    нннннннннннннннннннннннннннннннннннннннннннннннннннннннннннннннннннннннннннннннннннннннннннннннннннннннннннннннннннннннннннннннннннннннннннннннннннннннннннннннннннннннннннннннннннннннннннннннннннннннннннннннннннннннннннннннннннннннннннннннннннннннннннннннннннннннннннннннннннннннннннннннннннннннннннннннннннннннннннннннннннннннннннннннннннннннннннннннннннннннннннннннннннннннннннннннннннннннннннннннннннннннннннннннннннннннннннннннннннннннннннннннннннннннннннннннннннннннннннннннннннннннннннннннннннннннннннннннн
    ннннннннннннннннннннннннннннннннннннннннннннннннннннннннннннннннннннннннннннннннннннннннннннннннннннннннннннннннннннннннннннннннннннннннннннннннннннннннннннннннннннннннннннннннннннннннннннннннннннннннннннннннннннннннннннннннннннннннннннннннннннннннннннннннннннннннннннннннннннннннннннннннннннннннннннннннннннннннннннннннннннннннннннннннннннннннннннннннннннннннннннннннннннннннннннннннннннннннннннннннннннннннннннннннннннннннннннннннннннннннннннннннннннннннннннннннннннннннннннннннннннннннннннннннннннннннннннннннE
    ннннннннннннннннннннннннннннннннннннннннннннннннннннннннннннннннннннннннннннннннннннннннннннннннннннннннннннннннннннннннннннннннннннннннннннннннннннннннннннннннннннннннннннннннннннннннннннннннннннннннннннннннннннннннннннннннннннннннннннннннннннннннннннннннннннннннннннннннннннннннннннннннннннннннннннннннннннннннннннннннннннннннннннннннннннннннннннннннннннннннннннннннннннннннннннннннннннннннннннннннннннннннннннннннннннннннннннннннннннннннннннннннннннннннннннннннннннннннннннннннннннннннннннннннннннннннннннннннE
    ннннннннннннннннннннннннннннннннннннннннннннннннннннннннннннннннннннннннннннннннннннннннннннннннннннннннннннннннннннннннннннннннннннннннннннннннннннннннннннннннннннннннннннннннннннннннннннннннннннннннннннннннннннннннннннннннннннннннннннннннннннннннннннннннннннннннннннннннннннннннннннннннннннннннннннннннннннннннннннннннннннннннннннннннннннннннннннннннннннннннннннннннннннннннннннннннннннннннннннннннннннннннннннннннннннннннннннннннннннннннннннннннннннннннннннннннннннннннннннннннннннннннннннннннннннннннннннннннE
    нннннннннннннннннннннннннннннннннннннннннннннннннннннннннннннннннннннннннннннннннннннннннннннннннннннннннннннннннннннннннннннннннннннннннннннннннннннннннннннннннннннннннннннннннннннннннннннннннннннннннннннннннннннннннннннннннннннннннннннннннннннннннннннннннннннннннннннннннннннннннннннннннннннннннннннннннннннннннннннннннннннннннннннннннннннннннннннннннннннннннннннннннннннннннннннннннннннннннннннннннннннннннннннннннннннннннннннннннннннннннннннннннннннннннннннннннннннннннннннннннннннннннннннннннннннннн
    нннннннннннннннннннннннннннннннннннннннннннннннннннннннннннннннннннннннннннннннннннннннннннннннннннннннннннннннннннннннннннннннннннннннннннннннннннннннннннннннннннннннннннннннннннннннннннннннннннннннннннннннннннннннннннннннннннннннннннннннннннннннннннннннннннннннннннннннннннннннннннннннннннннннннннннннннннннннннннннннннннннннннннннннннннннннннннннннннннннннннннннннннннннннннннннннннннннннннннннннннннннннннннннннннннннннннннннннннннннннннннннннннннннннннннннннннннннннннннннннннннннннннннннннннннннннн
    нннннннннннннннннннннннннннннннннннннннннннннннннннннннннннннннннннннннннннннннннннннннннннннннннннннннннннннннннннннннннннннннннннннннннннннннннннннннннннннннннннннннннннннннннннннннннннннннннннннннннннннннннннннннннннннннннннннннннннннннннннннннннннннннннннннннннннннннннннннннннннннннннннннннннннннннннннннннннннннннннннннннннннннннннннннннннннннннннннннннннннннннннннннннннннннннннннннннннннннннннннннннннннннннннннннннннннннннннннннннннннннннннннннннннннннннннннннннннннннннннннннннннннннннннннннннн
    нннннннннннннннннннннннннннннннннннннннннннннннннннннннннннннннннннннннннннннннннннннннннннннннннннннннннннннннннннннннннннннннннннннннннннннннннннннннннннннннннннннннннннннннннннннннннннннннннннннннннннннннннннннннннннннннннннннннннннннннннннннннннннннннннннннннннннннннннннннннннннннннннннннннннннннннннннннннннннннннннннннннннннннннннннннннннннннннннннннннннннннннннннннннннннннннннннннннннннннннннннннннннннннннннннннннннннннннннннннннннннннннннннннннннннннннннннннннннннннннннннннннннннннннннннннннн
    нннннннннннннннннннннннннннннннннннннннннннннннннннннннннннннннннннннннннннннннннннннннннннннннннннннннннннннннннннннннннннннннннннннннннннннннннннннннннннннннннннннннннннннннннннннннннннннннннннннннннннннннннннннннннннннннннннннннннннннннннннннннннннннннннннннннннннннннннннннннннннннннннннннннннннннннннннннннннннннннннннннннннннннннннннннннннннннннннннннннннннннннннннннннннннннннннннннннннннннннннннннннннннннннннннннннннннннннннннннннннннннннннннннннннннннннннннннннннннннннннннннннннннннннннннннннн
    нннннннннннннннннннннннннннннннннннннннннннннннннннннннннннннннннннннннннннннннннннннннннннннннннннннннннннннннннннннннннннннннннннннннннннннннннннннннннннннннннннннннннннннннннннннннннннннннннннннннннннннннннннннннннннннннннннннннннннннннннннннннннннннннннннннннннннннннннннннннннннннннннннннннннннннннннннннннннннннннннннннннннннннннннннннннннннннннннннннннннннннннннннннннннннннннннннннннннннннннннннннннннннннннннннннннннннннннннннннннннннннннннннннннннннннннннннннннннннннннннннннннннннннннннннннннн
    нннннннннннннннннннннннннннннннннннннннннннннннннннннннннннннннннннннннннннннннннннннннннннннннннннннннннннннннннннннннннннннннннннннннннннннннннннннннннннннннннннннннннннннннннннннннннннннннннннннннннннннннннннннннннннннннннннннннннннннннннннннннннннннннннннннннннннннннннннннннннннннннннннннннннннннннннннннннннннннннннннннннннннннннннннннннннннннннннннннннннннннннннннннннннннннннннннннннннннннннннннннннннннннннннннннннннннннннннннннннннннннннннннннннннннннннннннннннннннннннннннннннннннннннннннннннн
    нннннннннннннннннннннннннннннннннннннннннннннннннннннннннннннннннннннннннннннннннннннннннннннннннннннннннннннннннннннннннннннннннннннннннннннннннннннннннннннннннннннннннннннннннннннннннннннннннннннннннннннннннннннннннннннннннннннннннннннннннннннннннннннннннннннннннннннннннннннннннннннннннннннннннннннннннннннннннннннннннннннннннннннннннннннннннннннннннннннннннннннннннннннннннннннннннннннннннннннннннннннннннннннннннннннннннннннннннннннннннннннннннннннннннннннннннннннннннннннннннннннннннннннннннннннннн
    нннннннннннннннннннннннннннннннннннннннннннннннннннннннннннннннннннннннннннннннннннннннннннннннннннннннннннннннннннннннннннннннннннннннннннннннннннннннннннннннннннннннннннннннннннннннннннннннннннннннннннннннннннннннннннннннннннннннннннннннннннннннннннннннннннннннннннннннннннннннннннннннннннннннннннннннннннннннннннннннннннннннннннннннннннннннннннннннннннннннннннннннннннннннннннннннннннннннннннннннннннннннннннннннннннннннннннннннннннннннннннннннннннннннннннннннннннннннннннннннннннннннннннннннннннннннн
    Command to Java Supervisor - "-java "E:\Program Files\Ready to Program\Support\jre142_01\bin\client\jvm.dll" -cp ".;E:\Program Files\Ready to Program\Support\Ready Classes;E:\Program Files\Ready to Program\Support\Classes;E:\Program Files\Ready to Program\Support\Ready Classes\tools.jar;" -class DoodleMain -props F 25 80 10 "Courier New" 2 F 0 F 8 8 0 F T -applet "E:\Central Document Folder\Grade 11 Semester 1\Computer Science\Paint Program" "E:\Central Document Folder\Grade 11 Semester 1\Computer Science\Paint Program" 300 200 џџ"
    JavaSup: -pipe 304 332 248 20513602
    JavaSup: JVM Option: "-Djava.class.path=.;E:\Program Files\Ready to Program\Support\Ready Classes;E:\Program Files\Ready to Program\Support\Classes;E:\Program Files\Ready to Program\Support\Ready Classes\tools.jar;"
    JavaSup: JVM Option: "-Djava.library.path=E:\Program Files\Ready to Program\Support\Bin"
    JavaSup: JVM Option: "-enableassertions"
    JavaSup: JVM Option: "-Xdebug"
    JavaSup: JVM Option: "-Xrunjdwp:transport=dt_shmem,address=readyshmem,server=y,suspend=n"
  CMD: WM_ACTIVATE (W)
  CMD: WM_ACTIVATE (W)
  CMD: WM_INITMENU (W)
  CMD: WM_CLOSE (W)
  CMD: WM_ACTIVATE (W)
  CMD: WM_ACTIVATE (W)
  CMD: WM_ACTIVATE (W)
  CMD: WM_DESTROY (W)
  CMD: WM_DESTROY (D)


Registers
  EAX=00000001  EBX=7FFD9000  ECX=7C91005D  EDX=001A0001  ESI=0012E6E0
  EDI=0012FF30  EBP=0012E690  ESP=0012E680  EIP=00525E7F  FLG=00000246
  CS=001B  DS=0023  SS=0023  ES=0023  FS=003B  GS=0000

List of Modules: 
    E:\Program Files\Ready to Program\Ready.exe
    D:\WINDOWS.0\system32\ntdll.dll
    D:\WINDOWS.0\system32\kernel32.dll
    D:\WINDOWS.0\system32\USER32.dll
    D:\WINDOWS.0\system32\GDI32.dll
    D:\WINDOWS.0\system32\comdlg32.dll
    D:\WINDOWS.0\system32\ADVAPI32.dll
    D:\WINDOWS.0\system32\RPCRT4.dll
    D:\WINDOWS.0\system32\Secur32.dll
    D:\WINDOWS.0\system32\COMCTL32.dll
    D:\WINDOWS.0\system32\SHELL32.dll
    D:\WINDOWS.0\system32\msvcrt.dll
    D:\WINDOWS.0\system32\SHLWAPI.dll
    D:\WINDOWS.0\system32\VERSION.dll
    D:\WINDOWS.0\system32\WINMM.dll
    D:\WINDOWS.0\system32\IMM32.DLL
    D:\WINDOWS.0\WinSxS\x86_Microsoft.Windows.Common-Controls_6595b64144ccf1df_6.0.2600.5512_x-ww_35d4ce83\comctl32.dll
    D:\WINDOWS.0\system32\uxtheme.dll
    D:\WINDOWS.0\system32\MSCTF.dll
    D:\WINDOWS.0\system32\nview.dll
    D:\WINDOWS.0\system32\PSAPI.DLL
    D:\WINDOWS.0\system32\ole32.dll
    D:\WINDOWS.0\system32\OLEAUT32.dll
    D:\WINDOWS.0\system32\NTMARTA.DLL
    D:\WINDOWS.0\system32\SAMLIB.dll
    D:\WINDOWS.0\system32\WLDAP32.dll
    D:\WINDOWS.0\system32\msctfime.ime
    E:\Program Files\Ready to Program\Support\Bin\edjdll.dll
    E:\Program Files\Ready to Program\Support\jre142_01\bin\client\jvm.dll
    E:\Program Files\Ready to Program\Support\jre142_01\bin\hpi.dll
    E:\Program Files\Ready to Program\Support\jre142_01\bin\verify.dll
    E:\Program Files\Ready to Program\Support\jre142_01\bin\java.dll
    E:\Program Files\Ready to Program\Support\jre142_01\bin\zip.dll
    E:\Program Files\Ready to Program\Support\jre142_01\bin\dt_shmem.dll
    E:\Program Files\Ready to Program\Support\jre142_01\bin\net.dll
    D:\WINDOWS.0\system32\WS2_32.dll
    D:\WINDOWS.0\system32\WS2HELP.dll
    D:\WINDOWS.0\System32\mswsock.dll
    D:\WINDOWS.0\system32\DNSAPI.dll
    D:\WINDOWS.0\system32\iphlpapi.dll
    D:\WINDOWS.0\System32\winrnr.dll
    D:\WINDOWS.0\system32\rasadhlp.dll
    D:\WINDOWS.0\system32\nvwddi.dll
    D:\WINDOWS.0\system32\dbghelp.dll

  0 .V PC=001b:00525e7f Ret=00525c51 Frame=0012e690 Stack=0012e680
    Parameters (0x00b65c78 0x00000001 0x0012ff30 0x0012e6e0)
    dbgheap.c, _free_dbg_lk (), Line 1066+0060 byte(s)
  1 .V PC=001b:00525c51 Ret=00414d57 Frame=0012e6c4 Stack=0012e680
    Parameters (0x00b65c78 0x00000001 0x0000000e 0x0012ff30)
    dbgheap.c, _free_dbg (), Line 1001+0013 byte(s)
  2 .V PC=001b:00414d57 Ret=0040172b Frame=0012e6d8 Stack=0012e680
    Parameters (0x0555d010 0x068dd55c 0xcccccccc 0xcccccccc)
    src\edfail.c, EdFail_Finalize (), Line 0157+0018 byte(s)
  3 .V PC=001b:0040172b Ret=0052cc26 Frame=0012ff30 Stack=0012e680
    Parameters (0x00400000 0x00000000 0x001423af 0x00000001)
    src\ed.c, WinMain (), Line 0486+0000 byte(s)
  4 .V PC=001b:0052cc26 Ret=7c817077 Frame=0012ffc0 Stack=0012e680
    Parameters (0x0555d010 0x068dd55c 0x7ffd9000 0x8054b6ed)
    crt0.c, WinMainCRTStartup (), Line 0198+0054 byte(s)
  5 .V PC=001b:7c817077 Ret=00000000 Frame=0012fff0 Stack=0012e680
    Parameters (0x0052cb00 0x00000000 0x78746341 0x00000020)
    Unknown module, RegisterWaitForInputIdle() + 0073 byte(s)

------------------------------------------------------
